<?xml version="1.0" encoding="UTF-8"?>
<testsuite name="org.apache.commons.csv.CSVFormatTest" time="0.163" tests="44" errors="0" skipped="0" failures="0">
  <properties>
    <property name="java.runtime.name" value="Java(TM) SE Runtime Environment"/>
    <property name="sun.boot.library.path" value="/opt/jdk1.8.0_111/jre/lib/amd64"/>
    <property name="java.vm.version" value="25.111-b14"/>
    <property name="java.vm.vendor" value="Oracle Corporation"/>
    <property name="maven.multiModuleProjectDirectory" value="/home/sdtorresl/Programming/Crossover/Commons-CSV"/>
    <property name="java.vendor.url" value="http://java.oracle.com/"/>
    <property name="path.separator" value=":"/>
    <property name="guice.disable.misplaced.annotation.check" value="true"/>
    <property name="java.vm.name" value="Java HotSpot(TM) 64-Bit Server VM"/>
    <property name="file.encoding.pkg" value="sun.io"/>
    <property name="user.country" value="US"/>
    <property name="sun.java.launcher" value="SUN_STANDARD"/>
    <property name="sun.os.patch.level" value="unknown"/>
    <property name="java.vm.specification.name" value="Java Virtual Machine Specification"/>
    <property name="user.dir" value="/home/sdtorresl/Programming/Crossover/Commons-CSV"/>
    <property name="java.runtime.version" value="1.8.0_111-b14"/>
    <property name="java.awt.graphicsenv" value="sun.awt.X11GraphicsEnvironment"/>
    <property name="java.endorsed.dirs" value="/opt/jdk1.8.0_111/jre/lib/endorsed"/>
    <property name="os.arch" value="amd64"/>
    <property name="java.io.tmpdir" value="/tmp"/>
    <property name="line.separator" value="&#10;"/>
    <property name="java.vm.specification.vendor" value="Oracle Corporation"/>
    <property name="os.name" value="Linux"/>
    <property name="classworlds.conf" value="/usr/share/maven/bin/m2.conf"/>
    <property name="sun.jnu.encoding" value="UTF-8"/>
    <property name="java.library.path" value="/usr/java/packages/lib/amd64:/usr/lib64:/lib64:/lib:/usr/lib"/>
    <property name="java.specification.name" value="Java Platform API Specification"/>
    <property name="java.class.version" value="52.0"/>
    <property name="sun.management.compiler" value="HotSpot 64-Bit Tiered Compilers"/>
    <property name="os.version" value="4.4.0-93-generic"/>
    <property name="user.home" value="/home/sdtorresl"/>
    <property name="user.timezone" value="America/Bogota"/>
    <property name="java.awt.printerjob" value="sun.print.PSPrinterJob"/>
    <property name="file.encoding" value="UTF-8"/>
    <property name="java.specification.version" value="1.8"/>
    <property name="user.name" value="sdtorresl"/>
    <property name="java.class.path" value="/usr/share/maven/boot/plexus-classworlds-2.x.jar"/>
    <property name="org.slf4j.simpleLogger.defaultLogLevel" value="debug"/>
    <property name="java.vm.specification.version" value="1.8"/>
    <property name="sun.arch.data.model" value="64"/>
    <property name="java.home" value="/opt/jdk1.8.0_111/jre"/>
    <property name="sun.java.command" value="org.codehaus.plexus.classworlds.launcher.Launcher -X clean package"/>
    <property name="java.specification.vendor" value="Oracle Corporation"/>
    <property name="user.language" value="en"/>
    <property name="awt.toolkit" value="sun.awt.X11.XToolkit"/>
    <property name="java.vm.info" value="mixed mode"/>
    <property name="java.version" value="1.8.0_111"/>
    <property name="java.ext.dirs" value="/opt/jdk1.8.0_111/jre/lib/ext:/usr/java/packages/lib/ext"/>
    <property name="securerandom.source" value="file:/dev/./urandom"/>
    <property name="sun.boot.class.path" value="/opt/jdk1.8.0_111/jre/lib/resources.jar:/opt/jdk1.8.0_111/jre/lib/rt.jar:/opt/jdk1.8.0_111/jre/lib/sunrsasign.jar:/opt/jdk1.8.0_111/jre/lib/jsse.jar:/opt/jdk1.8.0_111/jre/lib/jce.jar:/opt/jdk1.8.0_111/jre/lib/charsets.jar:/opt/jdk1.8.0_111/jre/lib/jfr.jar:/opt/jdk1.8.0_111/jre/classes"/>
    <property name="java.vendor" value="Oracle Corporation"/>
    <property name="maven.home" value="/usr/share/maven"/>
    <property name="file.separator" value="/"/>
    <property name="java.vendor.url.bug" value="http://bugreport.sun.com/bugreport/"/>
    <property name="sun.cpu.endian" value="little"/>
    <property name="sun.io.unicode.encoding" value="UnicodeLittle"/>
    <property name="sun.desktop" value="gnome"/>
    <property name="sun.cpu.isalist" value=""/>
  </properties>
  <testcase name="testEqualsIgnoreSurroundingSpaces" classname="org.apache.commons.csv.CSVFormatTest" time="0"/>
  <testcase name="testEqualsCommentStart" classname="org.apache.commons.csv.CSVFormatTest" time="0"/>
  <testcase name="testWithDelimiter" classname="org.apache.commons.csv.CSVFormatTest" time="0"/>
  <testcase name="testQuotePolicyNoneWithoutEscapeThrowsException" classname="org.apache.commons.csv.CSVFormatTest" time="0"/>
  <testcase name="testWithQuoteLFThrowsException" classname="org.apache.commons.csv.CSVFormatTest" time="0"/>
  <testcase name="testSerialization" classname="org.apache.commons.csv.CSVFormatTest" time="0.152"/>
  <testcase name="testNullRecordSeparatorCsv106" classname="org.apache.commons.csv.CSVFormatTest" time="0"/>
  <testcase name="testJiraCsv154_withCommentMarker" classname="org.apache.commons.csv.CSVFormatTest" time="0"/>
  <testcase name="testEqualsQuoteChar" classname="org.apache.commons.csv.CSVFormatTest" time="0"/>
  <testcase name="testEqualsSkipHeaderRecord" classname="org.apache.commons.csv.CSVFormatTest" time="0.004"/>
  <testcase name="testQuoteCharSameAsCommentStartThrowsException" classname="org.apache.commons.csv.CSVFormatTest" time="0.001"/>
  <testcase name="testWithRecordSeparatorCR" classname="org.apache.commons.csv.CSVFormatTest" time="0"/>
  <testcase name="testWithRecordSeparatorLF" classname="org.apache.commons.csv.CSVFormatTest" time="0"/>
  <testcase name="testWithEscapeCRThrowsExceptions" classname="org.apache.commons.csv.CSVFormatTest" time="0"/>
  <testcase name="testWithIgnoreEmptyLines" classname="org.apache.commons.csv.CSVFormatTest" time="0"/>
  <testcase name="testEqualsEscape" classname="org.apache.commons.csv.CSVFormatTest" time="0"/>
  <testcase name="testEqualsHeader" classname="org.apache.commons.csv.CSVFormatTest" time="0"/>
  <testcase name="testEqualsIgnoreEmptyLines" classname="org.apache.commons.csv.CSVFormatTest" time="0"/>
  <testcase name="testWithCommentStart" classname="org.apache.commons.csv.CSVFormatTest" time="0"/>
  <testcase name="testWithIgnoreSurround" classname="org.apache.commons.csv.CSVFormatTest" time="0"/>
  <testcase name="testRFC4180" classname="org.apache.commons.csv.CSVFormatTest" time="0"/>
  <testcase name="testEscapeSameAsCommentStartThrowsException" classname="org.apache.commons.csv.CSVFormatTest" time="0"/>
  <testcase name="testDelimiterSameAsCommentStartThrowsException" classname="org.apache.commons.csv.CSVFormatTest" time="0"/>
  <testcase name="testEqualsDelimiter" classname="org.apache.commons.csv.CSVFormatTest" time="0"/>
  <testcase name="testQuoteCharSameAsCommentStartThrowsExceptionForWrapperType" classname="org.apache.commons.csv.CSVFormatTest" time="0"/>
  <testcase name="testEqualsNullString" classname="org.apache.commons.csv.CSVFormatTest" time="0.004"/>
  <testcase name="testWithQuotePolicy" classname="org.apache.commons.csv.CSVFormatTest" time="0"/>
  <testcase name="testEqualsQuotePolicy" classname="org.apache.commons.csv.CSVFormatTest" time="0"/>
  <testcase name="testEscapeSameAsCommentStartThrowsExceptionForWrapperType" classname="org.apache.commons.csv.CSVFormatTest" time="0"/>
  <testcase name="testEqualsRecordSeparator" classname="org.apache.commons.csv.CSVFormatTest" time="0"/>
  <testcase name="testWithCommentStartCRThrowsException" classname="org.apache.commons.csv.CSVFormatTest" time="0"/>
  <testcase name="testQuoteCharSameAsDelimiterThrowsException" classname="org.apache.commons.csv.CSVFormatTest" time="0.001"/>
  <testcase name="testWithDelimiterLFThrowsException" classname="org.apache.commons.csv.CSVFormatTest" time="0"/>
  <testcase name="testDelimiterSameAsEscapeThrowsException" classname="org.apache.commons.csv.CSVFormatTest" time="0"/>
  <testcase name="testWithEscape" classname="org.apache.commons.csv.CSVFormatTest" time="0"/>
  <testcase name="testWithHeader" classname="org.apache.commons.csv.CSVFormatTest" time="0"/>
  <testcase name="testGetHeader" classname="org.apache.commons.csv.CSVFormatTest" time="0"/>
  <testcase name="testJiraCsv154_withHeaderComments" classname="org.apache.commons.csv.CSVFormatTest" time="0"/>
  <testcase name="testWithQuoteChar" classname="org.apache.commons.csv.CSVFormatTest" time="0"/>
  <testcase name="testEquals" classname="org.apache.commons.csv.CSVFormatTest" time="0.001"/>
  <testcase name="testFormat" classname="org.apache.commons.csv.CSVFormatTest" time="0"/>
  <testcase name="testWithRecordSeparatorCRLF" classname="org.apache.commons.csv.CSVFormatTest" time="0"/>
  <testcase name="testDuplicateHeaderElements" classname="org.apache.commons.csv.CSVFormatTest" time="0"/>
  <testcase name="testWithNullString" classname="org.apache.commons.csv.CSVFormatTest" time="0"/>
</testsuite>