<?xml version="1.0" encoding="UTF-8"?>
<testsuite name="org.apache.commons.csv.CSVParserTest" time="0.071" tests="62" errors="0" skipped="3" failures="0">
  <properties>
    <property name="java.runtime.name" value="Java(TM) SE Runtime Environment"/>
    <property name="sun.boot.library.path" value="/opt/jdk1.8.0_111/jre/lib/amd64"/>
    <property name="java.vm.version" value="25.111-b14"/>
    <property name="java.vm.vendor" value="Oracle Corporation"/>
    <property name="maven.multiModuleProjectDirectory" value="/home/sdtorresl/Programming/Crossover/Commons-CSV"/>
    <property name="java.vendor.url" value="http://java.oracle.com/"/>
    <property name="path.separator" value=":"/>
    <property name="guice.disable.misplaced.annotation.check" value="true"/>
    <property name="java.vm.name" value="Java HotSpot(TM) 64-Bit Server VM"/>
    <property name="file.encoding.pkg" value="sun.io"/>
    <property name="user.country" value="US"/>
    <property name="sun.java.launcher" value="SUN_STANDARD"/>
    <property name="sun.os.patch.level" value="unknown"/>
    <property name="java.vm.specification.name" value="Java Virtual Machine Specification"/>
    <property name="user.dir" value="/home/sdtorresl/Programming/Crossover/Commons-CSV"/>
    <property name="java.runtime.version" value="1.8.0_111-b14"/>
    <property name="java.awt.graphicsenv" value="sun.awt.X11GraphicsEnvironment"/>
    <property name="java.endorsed.dirs" value="/opt/jdk1.8.0_111/jre/lib/endorsed"/>
    <property name="os.arch" value="amd64"/>
    <property name="java.io.tmpdir" value="/tmp"/>
    <property name="line.separator" value="&#10;"/>
    <property name="java.vm.specification.vendor" value="Oracle Corporation"/>
    <property name="os.name" value="Linux"/>
    <property name="classworlds.conf" value="/usr/share/maven/bin/m2.conf"/>
    <property name="sun.jnu.encoding" value="UTF-8"/>
    <property name="java.library.path" value="/usr/java/packages/lib/amd64:/usr/lib64:/lib64:/lib:/usr/lib"/>
    <property name="java.specification.name" value="Java Platform API Specification"/>
    <property name="java.class.version" value="52.0"/>
    <property name="sun.management.compiler" value="HotSpot 64-Bit Tiered Compilers"/>
    <property name="os.version" value="4.4.0-93-generic"/>
    <property name="user.home" value="/home/sdtorresl"/>
    <property name="user.timezone" value="America/Bogota"/>
    <property name="java.awt.printerjob" value="sun.print.PSPrinterJob"/>
    <property name="file.encoding" value="UTF-8"/>
    <property name="java.specification.version" value="1.8"/>
    <property name="user.name" value="sdtorresl"/>
    <property name="java.class.path" value="/usr/share/maven/boot/plexus-classworlds-2.x.jar"/>
    <property name="org.slf4j.simpleLogger.defaultLogLevel" value="debug"/>
    <property name="java.vm.specification.version" value="1.8"/>
    <property name="sun.arch.data.model" value="64"/>
    <property name="java.home" value="/opt/jdk1.8.0_111/jre"/>
    <property name="sun.java.command" value="org.codehaus.plexus.classworlds.launcher.Launcher -X clean package"/>
    <property name="java.specification.vendor" value="Oracle Corporation"/>
    <property name="user.language" value="en"/>
    <property name="awt.toolkit" value="sun.awt.X11.XToolkit"/>
    <property name="java.vm.info" value="mixed mode"/>
    <property name="java.version" value="1.8.0_111"/>
    <property name="java.ext.dirs" value="/opt/jdk1.8.0_111/jre/lib/ext:/usr/java/packages/lib/ext"/>
    <property name="securerandom.source" value="file:/dev/./urandom"/>
    <property name="sun.boot.class.path" value="/opt/jdk1.8.0_111/jre/lib/resources.jar:/opt/jdk1.8.0_111/jre/lib/rt.jar:/opt/jdk1.8.0_111/jre/lib/sunrsasign.jar:/opt/jdk1.8.0_111/jre/lib/jsse.jar:/opt/jdk1.8.0_111/jre/lib/jce.jar:/opt/jdk1.8.0_111/jre/lib/charsets.jar:/opt/jdk1.8.0_111/jre/lib/jfr.jar:/opt/jdk1.8.0_111/jre/classes"/>
    <property name="java.vendor" value="Oracle Corporation"/>
    <property name="maven.home" value="/usr/share/maven"/>
    <property name="file.separator" value="/"/>
    <property name="java.vendor.url.bug" value="http://bugreport.sun.com/bugreport/"/>
    <property name="sun.cpu.endian" value="little"/>
    <property name="sun.io.unicode.encoding" value="UnicodeLittle"/>
    <property name="sun.desktop" value="gnome"/>
    <property name="sun.cpu.isalist" value=""/>
  </properties>
  <testcase name="testBackslashEscapingOld" classname="org.apache.commons.csv.CSVParserTest" time="0">
    <skipped/>
  </testcase>
  <testcase name="testStartWithEmptyLinesThenHeaders" classname="org.apache.commons.csv.CSVParserTest" time="0">
    <skipped/>
  </testcase>
  <testcase name="testExcelHeaderCountLessThanData" classname="org.apache.commons.csv.CSVParserTest" time="0.001"/>
  <testcase name="testMultipleIterators" classname="org.apache.commons.csv.CSVParserTest" time="0.024"/>
  <testcase name="testHeaderComment" classname="org.apache.commons.csv.CSVParserTest" time="0"/>
  <testcase name="testDefaultFormat" classname="org.apache.commons.csv.CSVParserTest" time="0"/>
  <testcase name="testGetRecordPositionWithCRLF" classname="org.apache.commons.csv.CSVParserTest" time="0.003"/>
  <testcase name="testHeaderMissing" classname="org.apache.commons.csv.CSVParserTest" time="0"/>
  <testcase name="testBOM" classname="org.apache.commons.csv.CSVParserTest" time="0">
    <skipped message="CSV-107"/>
  </testcase>
  <testcase name="testProvidedHeaderAuto" classname="org.apache.commons.csv.CSVParserTest" time="0"/>
  <testcase name="testGetRecordWithMultiLineValues" classname="org.apache.commons.csv.CSVParserTest" time="0"/>
  <testcase name="testParseNullStringFormat" classname="org.apache.commons.csv.CSVParserTest" time="0"/>
  <testcase name="testGetRecordNumberWithCR" classname="org.apache.commons.csv.CSVParserTest" time="0"/>
  <testcase name="testGetRecordNumberWithLF" classname="org.apache.commons.csv.CSVParserTest" time="0"/>
  <testcase name="testCSV57" classname="org.apache.commons.csv.CSVParserTest" time="0"/>
  <testcase name="testClose" classname="org.apache.commons.csv.CSVParserTest" time="0"/>
  <testcase name="testGetLineNumberWithCR" classname="org.apache.commons.csv.CSVParserTest" time="0.002"/>
  <testcase name="testGetLineNumberWithLF" classname="org.apache.commons.csv.CSVParserTest" time="0"/>
  <testcase name="testParserUrlNullCharsetFormat" classname="org.apache.commons.csv.CSVParserTest" time="0"/>
  <testcase name="testForEach" classname="org.apache.commons.csv.CSVParserTest" time="0"/>
  <testcase name="testGetOneLine" classname="org.apache.commons.csv.CSVParserTest" time="0"/>
  <testcase name="testGetLineNumberWithCRLF" classname="org.apache.commons.csv.CSVParserTest" time="0"/>
  <testcase name="testCarriageReturnLineFeedEndings" classname="org.apache.commons.csv.CSVParserTest" time="0"/>
  <testcase name="testGetRecordNumberWithCRLF" classname="org.apache.commons.csv.CSVParserTest" time="0"/>
  <testcase name="testParseUrlCharsetNullFormat" classname="org.apache.commons.csv.CSVParserTest" time="0"/>
  <testcase name="testEmptyFile" classname="org.apache.commons.csv.CSVParserTest" time="0"/>
  <testcase name="testCarriageReturnEndings" classname="org.apache.commons.csv.CSVParserTest" time="0"/>
  <testcase name="testGetLine" classname="org.apache.commons.csv.CSVParserTest" time="0"/>
  <testcase name="testGetRecordPositionWithLF" classname="org.apache.commons.csv.CSVParserTest" time="0.001"/>
  <testcase name="testGetOneLineOneParser" classname="org.apache.commons.csv.CSVParserTest" time="0"/>
  <testcase name="testHeadersMissingException" classname="org.apache.commons.csv.CSVParserTest" time="0"/>
  <testcase name="testProvidedHeader" classname="org.apache.commons.csv.CSVParserTest" time="0"/>
  <testcase name="testParseNullUrlCharsetFormat" classname="org.apache.commons.csv.CSVParserTest" time="0.001"/>
  <testcase name="testInvalidFormat" classname="org.apache.commons.csv.CSVParserTest" time="0.001"/>
  <testcase name="testBackslashEscaping2" classname="org.apache.commons.csv.CSVParserTest" time="0"/>
  <testcase name="testExcelFormat1" classname="org.apache.commons.csv.CSVParserTest" time="0.001"/>
  <testcase name="testExcelFormat2" classname="org.apache.commons.csv.CSVParserTest" time="0.001"/>
  <testcase name="testEndOfFileBehaviourExcel" classname="org.apache.commons.csv.CSVParserTest" time="0.001"/>
  <testcase name="testRoundtrip" classname="org.apache.commons.csv.CSVParserTest" time="0.007"/>
  <testcase name="testNoHeaderMap" classname="org.apache.commons.csv.CSVParserTest" time="0"/>
  <testcase name="testParseFileNullFormat" classname="org.apache.commons.csv.CSVParserTest" time="0"/>
  <testcase name="testGetHeaderMap" classname="org.apache.commons.csv.CSVParserTest" time="0.001"/>
  <testcase name="testBackslashEscaping" classname="org.apache.commons.csv.CSVParserTest" time="0.004"/>
  <testcase name="testLineFeedEndings" classname="org.apache.commons.csv.CSVParserTest" time="0.001"/>
  <testcase name="testMappedButNotSetAsOutlook2007ContactExport" classname="org.apache.commons.csv.CSVParserTest" time="0.001"/>
  <testcase name="testEmptyLineBehaviourCSV" classname="org.apache.commons.csv.CSVParserTest" time="0"/>
  <testcase name="testSkipSetHeader" classname="org.apache.commons.csv.CSVParserTest" time="0.001"/>
  <testcase name="testHeaderMissingWithNull" classname="org.apache.commons.csv.CSVParserTest" time="0"/>
  <testcase name="testIgnoreEmptyLines" classname="org.apache.commons.csv.CSVParserTest" time="0"/>
  <testcase name="testEndOfFileBehaviorCSV" classname="org.apache.commons.csv.CSVParserTest" time="0.001"/>
  <testcase name="testNewCSVParserNullReaderFormat" classname="org.apache.commons.csv.CSVParserTest" time="0"/>
  <testcase name="testParseStringNullFormat" classname="org.apache.commons.csv.CSVParserTest" time="0.001"/>
  <testcase name="testEmptyLineBehaviourExcel" classname="org.apache.commons.csv.CSVParserTest" time="0"/>
  <testcase name="testHeader" classname="org.apache.commons.csv.CSVParserTest" time="0.001"/>
  <testcase name="testGetRecords" classname="org.apache.commons.csv.CSVParserTest" time="0"/>
  <testcase name="testHeadersMissing" classname="org.apache.commons.csv.CSVParserTest" time="0"/>
  <testcase name="testBOMInputStream" classname="org.apache.commons.csv.CSVParserTest" time="0.016"/>
  <testcase name="testDuplicateHeaders" classname="org.apache.commons.csv.CSVParserTest" time="0"/>
  <testcase name="testIterator" classname="org.apache.commons.csv.CSVParserTest" time="0.001"/>
  <testcase name="testParseNullFileFormat" classname="org.apache.commons.csv.CSVParserTest" time="0"/>
  <testcase name="testSkipAutoHeader" classname="org.apache.commons.csv.CSVParserTest" time="0"/>
  <testcase name="testNewCSVParserReaderNullFormat" classname="org.apache.commons.csv.CSVParserTest" time="0"/>
</testsuite>